Aug 12, 2010 2:25:33 PM

ERROR: Download of "http://dartphotographie.com/blog/wp-login.php?action=logout&redirect_to=http://dartphotographie.com/blog/the-piacenti-family/&_wpnonce=1013a518d0",
	referenced from "http://dartphotographie.com/blog/the-piacenti-family/",
	failed with error code -1100 (File does not exist.)
ERROR: Download of "http://dartphotographie.com/blog/wp-login.php?action=logout&_wpnonce=1013a518d0",
	referenced from "http://dartphotographie.com/blog/wp-admin/post.php?action=edit&post=292",
	failed with error code -1100 (File does not exist.)
ERROR: Download of "http://dartphotographie.com/blog/wp-login.php?action=logout&redirect_to=http://dartphotographie.com/blog/the-dabbs/&_wpnonce=1013a518d0",
	referenced from "http://dartphotographie.com/blog/the-dabbs/",
	failed with error code -1100 (File does not exist.)
ERROR: Download of "http://dartphotographie.com/blog/wp-login.php?action=logout&redirect_to=http://dartphotographie.com/blog/katie/&_wpnonce=1013a518d0",
	referenced from "http://dartphotographie.com/blog/katie/",
	failed with error code -1100 (File does not exist.)
ERROR: Download of "http://dartphotographie.com/blog/wp-login.php?action=logout&redirect_to=http://dartphotographie.com/blog/sarah/&_wpnonce=1013a518d0",
	referenced from "http://dartphotographie.com/blog/sarah/",
	failed with error code -1100 (File does not exist.)
ERROR: Download of "http://dartphotographie.com/blog/wp-login.php?action=logout&redirect_to=http://dartphotographie.com/blog/these-are-the-days-that-must-happen-to-you/&_wpnonce=1013a518d0",
	referenced from "http://dartphotographie.com/blog/these-are-the-days-that-must-happen-to-you/",
	failed with error code -1100 (File does not exist.)
ERROR: Download of "http://dartphotographie.com/blog/wp-login.php?action=logout&redirect_to=http://dartphotographie.com/blog/emily-deloach/&_wpnonce=1013a518d0",
	referenced from "http://dartphotographie.com/blog/emily-deloach/",
	failed with error code -1100 (File does not exist.)
ERROR: Download of "http://dartphotographie.com/blog/wp-login.php?action=logout&redirect_to=http://dartphotographie.com/blog/griffin-house/&_wpnonce=1013a518d0",
	referenced from "http://dartphotographie.com/blog/griffin-house/",
	failed with error code -1100 (File does not exist.)
ERROR: Download of "http://dartphotographie.com/blog/wp-login.php?action=logout&redirect_to=http://dartphotographie.com/blog/matthew-perryman-jones/&_wpnonce=1013a518d0",
	referenced from "http://dartphotographie.com/blog/matthew-perryman-jones/",
	failed with error code -1100 (File does not exist.)
ERROR: Download of "http://dartphotographie.com/blog/wp-login.php?action=logout&redirect_to=http://dartphotographie.com/blog/katie-herzig/&_wpnonce=1013a518d0",
	referenced from "http://dartphotographie.com/blog/katie-herzig/",
	failed with error code -1100 (File does not exist.)
ERROR: Download of "http://dartphotographie.com/blog/wp-login.php?action=logout&redirect_to=http://dartphotographie.com/blog/andrew-stonestreet/&_wpnonce=1013a518d0",
	referenced from "http://dartphotographie.com/blog/andrew-stonestreet/",
	failed with error code -1100 (File does not exist.)
ERROR: Download of "http://dartphotographie.com/blog/wp-login.php?action=logout&redirect_to=http://dartphotographie.com/blog/tiffany-and-nathan/&_wpnonce=1013a518d0",
	referenced from "http://dartphotographie.com/blog/tiffany-and-nathan/",
	failed with error code -1100 (File does not exist.)
ERROR: Download of "http://dartphotographie.com/blog/wp-login.php?action=logout&redirect_to=http://dartphotographie.com/blog/robin/&_wpnonce=1013a518d0",
	referenced from "http://dartphotographie.com/blog/robin/",
	failed with error code -1100 (File does not exist.)
ERROR: Download of "http://dartphotographie.com/blog/wp-login.php?action=logout&redirect_to=http://dartphotographie.com/blog/12409/&_wpnonce=1013a518d0",
	referenced from "http://dartphotographie.com/blog/12409/",
	failed with error code -1100 (File does not exist.)
ERROR: Download of "http://dartphotographie.com/blog/wp-login.php?action=logout&redirect_to=http://dartphotographie.com/blog/niki-and-noah/&_wpnonce=1013a518d0",
	referenced from "http://dartphotographie.com/blog/niki-and-noah/",
	failed with error code -1100 (File does not exist.)
ERROR: Download of "http://dartphotographie.com/blog/wp-login.php?action=logout&redirect_to=http://dartphotographie.com/blog/the-ralstons/&_wpnonce=1013a518d0",
	referenced from "http://dartphotographie.com/blog/the-ralstons/",
	failed with error code -1100 (File does not exist.)
ERROR: Download of "http://dartphotographie.com/blog/wp-login.php?action=logout&redirect_to=http://dartphotographie.com/blog/becky/&_wpnonce=1013a518d0",
	referenced from "http://dartphotographie.com/blog/becky/",
	failed with error code -1100 (File does not exist.)
ERROR: Download of "http://dartphotographie.com/blog/wp-login.php?action=logout&redirect_to=http://dartphotographie.com/blog/susan-and-jeff-part-one/&_wpnonce=1013a518d0",
	referenced from "http://dartphotographie.com/blog/susan-and-jeff-part-one/",
	failed with error code -1100 (File does not exist.)
ERROR: Download of "http://dartphotographie.com/blog/wp-login.php?action=logout&redirect_to=http://dartphotographie.com/blog/kathleen-porter/&_wpnonce=1013a518d0",
	referenced from "http://dartphotographie.com/blog/kathleen-porter/",
	failed with error code -1100 (File does not exist.)
ERROR: Download of "http://dartphotographie.com/blog/wp-login.php?action=logout&redirect_to=http://dartphotographie.com/blog/jessica-henry/&_wpnonce=1013a518d0",
	referenced from "http://dartphotographie.com/blog/jessica-henry/",
	failed with error code -1100 (File does not exist.)
ERROR: Download of "http://dartphotographie.com/blog/wp-login.php?action=logout&redirect_to=http://dartphotographie.com/blog/claire-indie/&_wpnonce=1013a518d0",
	referenced from "http://dartphotographie.com/blog/claire-indie/",
	failed with error code -1100 (File does not exist.)
ERROR: Download of "http://dartphotographie.com/blog/wp-login.php?action=logout&redirect_to=http://dartphotographie.com/blog/the-balms/&_wpnonce=1013a518d0",
	referenced from "http://dartphotographie.com/blog/the-balms/",
	failed with error code -1100 (File does not exist.)
ERROR: Download of "http://dartphotographie.com/blog/wp-login.php?action=logout&redirect_to=http://dartphotographie.com/blog/peter-groenwald/&_wpnonce=1013a518d0",
	referenced from "http://dartphotographie.com/blog/peter-groenwald/",
	failed with error code -1100 (File does not exist.)
ERROR: Download of "http://dartphotographie.com/blog/wp-login.php?action=logout&redirect_to=http://dartphotographie.com/blog/the-dabbs-2/&_wpnonce=1013a518d0",
	referenced from "http://dartphotographie.com/blog/the-dabbs-2/",
	failed with error code -1100 (File does not exist.)
ERROR: Download of "http://dartphotographie.com/blog/wp-login.php?action=logout&redirect_to=http://dartphotographie.com/blog/melissa/&_wpnonce=1013a518d0",
	referenced from "http://dartphotographie.com/blog/melissa/",
	failed with error code -1100 (File does not exist.)
ERROR: Download of "http://dartphotographie.com/blog/wp-login.php?action=logout&redirect_to=http://dartphotographie.com/blog/steve-sudduth/&_wpnonce=1013a518d0",
	referenced from "http://dartphotographie.com/blog/steve-sudduth/",
	failed with error code -1100 (File does not exist.)
ERROR: Download of "http://dartphotographie.com/blog/wp-login.php?action=logout&redirect_to=http://dartphotographie.com/blog/trent-dabbs/&_wpnonce=1013a518d0",
	referenced from "http://dartphotographie.com/blog/trent-dabbs/",
	failed with error code -1100 (File does not exist.)
ERROR: Download of "http://dartphotographie.com/blog/wp-login.php?action=logout&redirect_to=http://dartphotographie.com/blog/trent-dabbs-raise-the-tree/&_wpnonce=1013a518d0",
	referenced from "http://dartphotographie.com/blog/trent-dabbs-raise-the-tree/",
	failed with error code -1100 (File does not exist.)
ERROR: Download of "http://dartphotographie.com/blog/wp-login.php?action=logout&redirect_to=http://dartphotographie.com/blog/brandon-the-sideman/&_wpnonce=1013a518d0",
	referenced from "http://dartphotographie.com/blog/brandon-the-sideman/",
	failed with error code -1100 (File does not exist.)
ERROR: Download of "http://dartphotographie.com/blog/wp-login.php?action=logout&redirect_to=http://dartphotographie.com/blog/the-ladder/&_wpnonce=1013a518d0",
	referenced from "http://dartphotographie.com/blog/the-ladder/",
	failed with error code -1100 (File does not exist.)
ERROR: Download of "http://dartphotographie.com/blog/wp-login.php?action=logout&redirect_to=http://dartphotographie.com/blog/beginning-of-december/&_wpnonce=1013a518d0",
	referenced from "http://dartphotographie.com/blog/beginning-of-december/",
	failed with error code -1100 (File does not exist.)
ERROR: Download of "http://dartphotographie.com/blog/wp-login.php?action=logout&redirect_to=http://dartphotographie.com/blog/denison-witmer/&_wpnonce=1013a518d0",
	referenced from "http://dartphotographie.com/blog/denison-witmer/",
	failed with error code -1100 (File does not exist.)
ERROR: Download of "http://dartphotographie.com/blog/wp-login.php?action=logout&redirect_to=http://dartphotographie.com/blog/greg-laswell/&_wpnonce=1013a518d0",
	referenced from "http://dartphotographie.com/blog/greg-laswell/",
	failed with error code -1100 (File does not exist.)
ERROR: Download of "http://dartphotographie.com/blog/wp-login.php?action=logout&redirect_to=http://dartphotographie.com/blog/eva-rose/&_wpnonce=1013a518d0",
	referenced from "http://dartphotographie.com/blog/eva-rose/",
	failed with error code -1100 (File does not exist.)
ERROR: Download of "http://dartphotographie.com/blog/wp-login.php?action=logout&redirect_to=http://dartphotographie.com/blog/favorite-fall-faces/&_wpnonce=1013a518d0",
	referenced from "http://dartphotographie.com/blog/favorite-fall-faces/",
	failed with error code -1100 (File does not exist.)
ERROR: Download of "http://dartphotographie.com/blog/wp-login.php?action=logout&redirect_to=http://dartphotographie.com/blog/sabina-and-matt/&_wpnonce=1013a518d0",
	referenced from "http://dartphotographie.com/blog/sabina-and-matt/",
	failed with error code -1100 (File does not exist.)
ERROR: Download of "http://dartphotographie.com/blog/wp-login.php?action=logout&redirect_to=http://dartphotographie.com/blog/molly/&_wpnonce=1013a518d0",
	referenced from "http://dartphotographie.com/blog/molly/",
	failed with error code -1100 (File does not exist.)
ERROR: Download of "http://dartphotographie.com/blog/wp-login.php?action=logout&redirect_to=http://dartphotographie.com/blog/tenth-avenue-north/&_wpnonce=1013a518d0",
	referenced from "http://dartphotographie.com/blog/tenth-avenue-north/",
	failed with error code -1100 (File does not exist.)
ERROR: Download of "http://dartphotographie.com/blog/wp-login.php?action=logout&redirect_to=http://dartphotographie.com/blog/end-of-october/&_wpnonce=1013a518d0",
	referenced from "http://dartphotographie.com/blog/end-of-october/",
	failed with error code -1100 (File does not exist.)
ERROR: Download of "http://dartphotographie.com/blog/wp-login.php?action=logout&redirect_to=http://dartphotographie.com/blog/more-musee/&_wpnonce=1013a518d0",
	referenced from "http://dartphotographie.com/blog/more-musee/",
	failed with error code -1100 (File does not exist.)
ERROR: Download of "http://dartphotographie.com/blog/wp-login.php?action=logout&redirect_to=http://dartphotographie.com/blog/lovelies/&_wpnonce=1013a518d0",
	referenced from "http://dartphotographie.com/blog/lovelies/",
	failed with error code -1100 (File does not exist.)
ERROR: Download of "http://dartphotographie.com/blog/wp-login.php?action=logout&redirect_to=http://dartphotographie.com/blog/amie-2/&_wpnonce=1013a518d0",
	referenced from "http://dartphotographie.com/blog/amie-2/",
	failed with error code -1100 (File does not exist.)
ERROR: Download of "http://dartphotographie.com/blog/wp-login.php?action=logout&redirect_to=http://dartphotographie.com/blog/sarah-anne-nashville/&_wpnonce=1013a518d0",
	referenced from "http://dartphotographie.com/blog/sarah-anne-nashville/",
	failed with error code -1100 (File does not exist.)
ERROR: Download of "http://dartphotographie.com/blog/wp-login.php?action=logout&redirect_to=http://dartphotographie.com/blog/sarah-anne-denver/&_wpnonce=1013a518d0",
	referenced from "http://dartphotographie.com/blog/sarah-anne-denver/",
	failed with error code -1100 (File does not exist.)
ERROR: Download of "http://dartphotographie.com/blog/wp-login.php?action=logout&redirect_to=http://dartphotographie.com/blog/andrew-belle-cd-release-show/&_wpnonce=1013a518d0",
	referenced from "http://dartphotographie.com/blog/andrew-belle-cd-release-show/",
	failed with error code -1100 (File does not exist.)
ERROR: Download of "http://dartphotographie.com/blog/wp-login.php?action=logout&redirect_to=http://dartphotographie.com/blog/adam-agin/&_wpnonce=1013a518d0",
	referenced from "http://dartphotographie.com/blog/adam-agin/",
	failed with error code -1100 (File does not exist.)
ERROR: Download of "http://dartphotographie.com/blog/wp-login.php?action=logout&redirect_to=http://dartphotographie.com/blog/andrew-belle-cd-release-1o3oo8/&_wpnonce=1013a518d0",
	referenced from "http://dartphotographie.com/blog/andrew-belle-cd-release-1o3oo8/",
	failed with error code -1100 (File does not exist.)
ERROR: Download of "http://dartphotographie.com/blog/wp-login.php?action=logout&redirect_to=http://dartphotographie.com/blog/denver/&_wpnonce=1013a518d0",
	referenced from "http://dartphotographie.com/blog/denver/",
	failed with error code -1100 (File does not exist.)
ERROR: Download of "http://dartphotographie.com/blog/wp-login.php?action=logout&redirect_to=http://dartphotographie.com/blog/virginia-and-bret/&_wpnonce=1013a518d0",
	referenced from "http://dartphotographie.com/blog/virginia-and-bret/",
	failed with error code -1100 (File does not exist.)
ERROR: Download of "http://dartphotographie.com/blog/wp-login.php?action=logout&redirect_to=http://dartphotographie.com/blog/amie/&_wpnonce=1013a518d0",
	referenced from "http://dartphotographie.com/blog/amie/",
	failed with error code -1100 (File does not exist.)
ERROR: Download of "http://dartphotographie.com/blog/wp-login.php?action=logout&redirect_to=http://dartphotographie.com/blog/virginia/&_wpnonce=1013a518d0",
	referenced from "http://dartphotographie.com/blog/virginia/",
	failed with error code -1100 (File does not exist.)
ERROR: Download of "http://dartphotographie.com/blog/wp-login.php?action=logout&redirect_to=http://dartphotographie.com/blog/hold-this-ghost/&_wpnonce=1013a518d0",
	referenced from "http://dartphotographie.com/blog/hold-this-ghost/",
	failed with error code -1100 (File does not exist.)
ERROR: Download of "http://dartphotographie.com/blog/wp-login.php?action=logout&redirect_to=http://dartphotographie.com/blog/quenby-john-cooper/&_wpnonce=1013a518d0",
	referenced from "http://dartphotographie.com/blog/quenby-john-cooper/",
	failed with error code -1100 (File does not exist.)
ERROR: Download of "http://dartphotographie.com/blog/wp-login.php?action=logout&redirect_to=http://dartphotographie.com/blog/andy-davis/&_wpnonce=1013a518d0",
	referenced from "http://dartphotographie.com/blog/andy-davis/",
	failed with error code -1100 (File does not exist.)
ERROR: Download of "http://dartphotographie.com/blog/wp-login.php?action=logout&redirect_to=http://dartphotographie.com/blog/januaryfebruarymarch/&_wpnonce=1013a518d0",
	referenced from "http://dartphotographie.com/blog/januaryfebruarymarch/",
	failed with error code -1100 (File does not exist.)
ERROR: Download of "http://dartphotographie.com/blog/wp-login.php?action=logout&redirect_to=http://dartphotographie.com/blog/the-rios/&_wpnonce=1013a518d0",
	referenced from "http://dartphotographie.com/blog/the-rios/",
	failed with error code -1100 (File does not exist.)
ERROR: Download of "http://dartphotographie.com/blog/wp-login.php?action=logout&redirect_to=http://dartphotographie.com/blog/act-two-nate-and-christy/&_wpnonce=1013a518d0",
	referenced from "http://dartphotographie.com/blog/act-two-nate-and-christy/",
	failed with error code -1100 (File does not exist.)
ERROR: Download of "http://dartphotographie.com/blog/wp-login.php?action=logout&redirect_to=http://dartphotographie.com/blog/act-one-christy-and-nate/&_wpnonce=1013a518d0",
	referenced from "http://dartphotographie.com/blog/act-one-christy-and-nate/",
	failed with error code -1100 (File does not exist.)
ERROR: Download of "http://dartphotographie.com/blog/wp-login.php?action=logout&redirect_to=http://dartphotographie.com/blog/christina-and-justin/&_wpnonce=1013a518d0",
	referenced from "http://dartphotographie.com/blog/christina-and-justin/",
	failed with error code -1100 (File does not exist.)
ERROR: Download of "http://dartphotographie.com/blog/wp-login.php?action=logout&redirect_to=http://dartphotographie.com/blog/last-fling/&_wpnonce=1013a518d0",
	referenced from "http://dartphotographie.com/blog/last-fling/",
	failed with error code -1100 (File does not exist.)
ERROR: Download of "http://dartphotographie.com/blog/wp-login.php?action=logout&redirect_to=http://dartphotographie.com/blog/dart/&_wpnonce=1013a518d0",
	referenced from "http://dartphotographie.com/blog/dart/",
	failed with error code -1100 (File does not exist.)

Aug 12, 2010 2:29:45 PM

---------------------

